<?xml version="1.0" encoding="UTF-8"?>
<!-- Generated by org.testng.reporters.JUnitReportReporter -->
<testsuite hostname="LAPTOP-DPU5Q1DC" failures="0" tests="1" name="Tests.DemoTest" time="29.171" errors="0" timestamp="18 Apr 2023 15:16:47 GMT" skipped="0">
  <testcase classname="Tests.DemoTest" name="CreateNewCustomer" time="29.171"/>
</testsuite> <!-- Tests.DemoTest -->
